# JRE version: Java(TM) SE Runtime Environment (8.0_131-b11) (build 1.8.0_131-b11)
# Java VM: Java HotSpot(TM) Client VM (25.131-b11 mixed mode windows-x86 )
Heap:
 def new generation   total 29504K, used 24424K [0x04a00000, 0x06a00000, 0x19f50000)
  eden space 26240K,  80% used [0x04a00000, 0x05eaa3d0, 0x063a0000)
  from space 3264K, 100% used [0x063a0000, 0x066d0000, 0x066d0000)
  to   space 3264K,   0% used [0x066d0000, 0x066d0000, 0x06a00000)
 tenured generation   total 65300K, used 50436K [0x19f50000, 0x1df15000, 0x44a00000)
   the space 65300K,  77% used [0x19f50000, 0x1d091140, 0x1d091200, 0x1df15000)
 Metaspace       used 37224K, capacity 38569K, committed 38656K, reserved 39296K
GC Heap History (10 events):
Event: 33.189 GC heap before
{Heap before GC invocations=115 (full 5):
 def new generation   total 29504K, used 27892K [0x04a00000, 0x06a00000, 0x19f50000)
  eden space 26240K, 100% used [0x04a00000, 0x063a0000, 0x063a0000)
  from space 3264K,  50% used [0x066d0000, 0x0686d280, 0x06a00000)
  to   space 3264K,   0% used [0x063a0000, 0x063a0000, 0x066d0000)
 tenured generation   total 65300K, used 45092K [0x19f50000, 0x1df15000, 0x44a00000)
   the space 65300K,  69% used [0x19f50000, 0x1cb59080, 0x1cb59200, 0x1df15000)
 Metaspace       used 36056K, capacity 37286K, committed 37376K, reserved 38272K
Event: 33.205 GC heap after
Heap after GC invocations=116 (full 5):
 def new generation   total 29504K, used 3264K [0x04a00000, 0x06a00000, 0x19f50000)
  eden space 26240K,   0% used [0x04a00000, 0x04a00000, 0x063a0000)
  from space 3264K, 100% used [0x063a0000, 0x066d0000, 0x066d0000)
  to   space 3264K,   0% used [0x066d0000, 0x066d0000, 0x06a00000)
 tenured generation   total 65300K, used 46207K [0x19f50000, 0x1df15000, 0x44a00000)
   the space 65300K,  70% used [0x19f50000, 0x1cc6fc08, 0x1cc6fe00, 0x1df15000)
 Metaspace       used 36056K, capacity 37286K, committed 37376K, reserved 38272K
}
Event: 33.900 GC heap before
{Heap before GC invocations=116 (full 5):
 def new generation   total 29504K, used 29504K [0x04a00000, 0x06a00000, 0x19f50000)
  eden space 26240K, 100% used [0x04a00000, 0x063a0000, 0x063a0000)
  from space 3264K, 100% used [0x063a0000, 0x066d0000, 0x066d0000)
  to   space 3264K,   0% used [0x066d0000, 0x066d0000, 0x06a00000)
 tenured generation   total 65300K, used 46207K [0x19f50000, 0x1df15000, 0x44a00000)
   the space 65300K,  70% used [0x19f50000, 0x1cc6fc08, 0x1cc6fe00, 0x1df15000)
 Metaspace       used 36116K, capacity 37381K, committed 37504K, reserved 38272K
Event: 33.923 GC heap after
Heap after GC invocations=117 (full 5):
 def new generation   total 29504K, used 1482K [0x04a00000, 0x06a00000, 0x19f50000)
  eden space 26240K,   0% used [0x04a00000, 0x04a00000, 0x063a0000)
  from space 3264K,  45% used [0x066d0000, 0x068428c8, 0x06a00000)
  to   space 3264K,   0% used [0x063a0000, 0x063a0000, 0x066d0000)
 tenured generation   total 65300K, used 48487K [0x19f50000, 0x1df15000, 0x44a00000)
   the space 65300K,  74% used [0x19f50000, 0x1cea9ec0, 0x1ceaa000, 0x1df15000)
 Metaspace       used 36116K, capacity 37381K, committed 37504K, reserved 38272K
}
Event: 152.165 GC heap before
{Heap before GC invocations=117 (full 5):
 def new generation   total 29504K, used 27722K [0x04a00000, 0x06a00000, 0x19f50000)
  eden space 26240K, 100% used [0x04a00000, 0x063a0000, 0x063a0000)
  from space 3264K,  45% used [0x066d0000, 0x068428c8, 0x06a00000)
  to   space 3264K,   0% used [0x063a0000, 0x063a0000, 0x066d0000)
 tenured generation   total 65300K, used 48487K [0x19f50000, 0x1df15000, 0x44a00000)
   the space 65300K,  74% used [0x19f50000, 0x1cea9ec0, 0x1ceaa000, 0x1df15000)
 Metaspace       used 36270K, capacity 37563K, committed 37632K, reserved 38272K
Event: 152.177 GC heap after
Heap after GC invocations=118 (full 5):
 def new generation   total 29504K, used 2884K [0x04a00000, 0x06a00000, 0x19f50000)
  eden space 26240K,   0% used [0x04a00000, 0x04a00000, 0x063a0000)
  from space 3264K,  88% used [0x063a0000, 0x066710c0, 0x066d0000)
  to   space 3264K,   0% used [0x066d0000, 0x066d0000, 0x06a00000)
 tenured generation   total 65300K, used 48487K [0x19f50000, 0x1df15000, 0x44a00000)
   the space 65300K,  74% used [0x19f50000, 0x1cea9ec0, 0x1ceaa000, 0x1df15000)
 Metaspace       used 36270K, capacity 37563K, committed 37632K, reserved 38272K
}
Event: 152.504 GC heap before
{Heap before GC invocations=118 (full 5):
 def new generation   total 29504K, used 29124K [0x04a00000, 0x06a00000, 0x19f50000)
  eden space 26240K, 100% used [0x04a00000, 0x063a0000, 0x063a0000)
  from space 3264K,  88% used [0x063a0000, 0x066710c0, 0x066d0000)
  to   space 3264K,   0% used [0x066d0000, 0x066d0000, 0x06a00000)
 tenured generation   total 65300K, used 48487K [0x19f50000, 0x1df15000, 0x44a00000)
   the space 65300K,  74% used [0x19f50000, 0x1cea9ec0, 0x1ceaa000, 0x1df15000)
 Metaspace       used 36274K, capacity 37568K, committed 37632K, reserved 38272K
Event: 152.514 GC heap after
Heap after GC invocations=119 (full 5):
 def new generation   total 29504K, used 1559K [0x04a00000, 0x06a00000, 0x19f50000)
  eden space 26240K,   0% used [0x04a00000, 0x04a00000, 0x063a0000)
  from space 3264K,  47% used [0x066d0000, 0x06855c60, 0x06a00000)
  to   space 3264K,   0% used [0x063a0000, 0x063a0000, 0x066d0000)
 tenured generation   total 65300K, used 49851K [0x19f50000, 0x1df15000, 0x44a00000)
   the space 65300K,  76% used [0x19f50000, 0x1cffedd8, 0x1cffee00, 0x1df15000)
 Metaspace       used 36274K, capacity 37568K, committed 37632K, reserved 38272K
}
Event: 153.132 GC heap before
{Heap before GC invocations=119 (full 5):
 def new generation   total 29504K, used 27799K [0x04a00000, 0x06a00000, 0x19f50000)
  eden space 26240K, 100% used [0x04a00000, 0x063a0000, 0x063a0000)
  from space 3264K,  47% used [0x066d0000, 0x06855c60, 0x06a00000)
  to   space 3264K,   0% used [0x063a0000, 0x063a0000, 0x066d0000)
 tenured generation   total 65300K, used 49851K [0x19f50000, 0x1df15000, 0x44a00000)
   the space 65300K,  76% used [0x19f50000, 0x1cffedd8, 0x1cffee00, 0x1df15000)
 Metaspace       used 36506K, capacity 37839K, committed 37888K, reserved 38272K
Event: 153.145 GC heap after
Heap after GC invocations=120 (full 5):
 def new generation   total 29504K, used 3264K [0x04a00000, 0x06a00000, 0x19f50000)
  eden space 26240K,   0% used [0x04a00000, 0x04a00000, 0x063a0000)
  from space 3264K, 100% used [0x063a0000, 0x066d0000, 0x066d0000)
  to   space 3264K,   0% used [0x066d0000, 0x066d0000, 0x06a00000)
 tenured generation   total 65300K, used 50436K [0x19f50000, 0x1df15000, 0x44a00000)
   the space 65300K,  77% used [0x19f50000, 0x1d091140, 0x1d091200, 0x1df15000)
 Metaspace       used 36506K, capacity 37839K, committed 37888K, reserved 38272K
}

