# JRE version: Java(TM) SE Runtime Environment (8.0_131-b11) (build 1.8.0_131-b11)
# Java VM: Java HotSpot(TM) Client VM (25.131-b11 mixed mode windows-x86 )
Heap:
 def new generation   total 32064K, used 13122K [0x04800000, 0x06ac0000, 0x19d50000)
  eden space 28544K,  37% used [0x04800000, 0x05289540, 0x063e0000)
  from space 3520K,  66% used [0x063e0000, 0x06627480, 0x06750000)
  to   space 3520K,   0% used [0x06750000, 0x06750000, 0x06ac0000)
 tenured generation   total 70996K, used 44918K [0x19d50000, 0x1e2a5000, 0x44800000)
   the space 70996K,  63% used [0x19d50000, 0x1c92d920, 0x1c92da00, 0x1e2a5000)
 Metaspace       used 36353K, capacity 37648K, committed 37760K, reserved 38272K
GC Heap History (10 events):
Event: 19.215 GC heap before
{Heap before GC invocations=108 (full 4):
 def new generation   total 20224K, used 20224K [0x04800000, 0x05df0000, 0x19d50000)
  eden space 17984K, 100% used [0x04800000, 0x05990000, 0x05990000)
  from space 2240K, 100% used [0x05990000, 0x05bc0000, 0x05bc0000)
  to   space 2240K,   0% used [0x05bc0000, 0x05bc0000, 0x05df0000)
 tenured generation   total 44720K, used 43507K [0x19d50000, 0x1c8fc000, 0x44800000)
   the space 44720K,  97% used [0x19d50000, 0x1c7ccf70, 0x1c7cd000, 0x1c8fc000)
 Metaspace       used 35537K, capacity 36755K, committed 36864K, reserved 37248K
Event: 19.431 GC heap after
Heap after GC invocations=109 (full 5):
 def new generation   total 32064K, used 0K [0x04800000, 0x06ac0000, 0x19d50000)
  eden space 28544K,   0% used [0x04800000, 0x04800000, 0x063e0000)
  from space 3520K,   0% used [0x063e0000, 0x063e0000, 0x06750000)
  to   space 3520K,   0% used [0x06750000, 0x06750000, 0x06ac0000)
 tenured generation   total 70996K, used 42596K [0x19d50000, 0x1e2a5000, 0x44800000)
   the space 70996K,  59% used [0x19d50000, 0x1c6e9220, 0x1c6e9400, 0x1e2a5000)
 Metaspace       used 35537K, capacity 36755K, committed 36864K, reserved 37248K
}
Event: 20.128 GC heap before
{Heap before GC invocations=109 (full 5):
 def new generation   total 32064K, used 28544K [0x04800000, 0x06ac0000, 0x19d50000)
  eden space 28544K, 100% used [0x04800000, 0x063e0000, 0x063e0000)
  from space 3520K,   0% used [0x063e0000, 0x063e0000, 0x06750000)
  to   space 3520K,   0% used [0x06750000, 0x06750000, 0x06ac0000)
 tenured generation   total 70996K, used 42596K [0x19d50000, 0x1e2a5000, 0x44800000)
   the space 70996K,  59% used [0x19d50000, 0x1c6e9220, 0x1c6e9400, 0x1e2a5000)
 Metaspace       used 35553K, capacity 36762K, committed 36864K, reserved 37248K
Event: 20.135 GC heap after
Heap after GC invocations=110 (full 5):
 def new generation   total 32064K, used 1070K [0x04800000, 0x06ac0000, 0x19d50000)
  eden space 28544K,   0% used [0x04800000, 0x04800000, 0x063e0000)
  from space 3520K,  30% used [0x06750000, 0x0685b898, 0x06ac0000)
  to   space 3520K,   0% used [0x063e0000, 0x063e0000, 0x06750000)
 tenured generation   total 70996K, used 42596K [0x19d50000, 0x1e2a5000, 0x44800000)
   the space 70996K,  59% used [0x19d50000, 0x1c6e9220, 0x1c6e9400, 0x1e2a5000)
 Metaspace       used 35553K, capacity 36762K, committed 36864K, reserved 37248K
}
Event: 20.853 GC heap before
{Heap before GC invocations=110 (full 5):
 def new generation   total 32064K, used 29614K [0x04800000, 0x06ac0000, 0x19d50000)
  eden space 28544K, 100% used [0x04800000, 0x063e0000, 0x063e0000)
  from space 3520K,  30% used [0x06750000, 0x0685b898, 0x06ac0000)
  to   space 3520K,   0% used [0x063e0000, 0x063e0000, 0x06750000)
 tenured generation   total 70996K, used 42596K [0x19d50000, 0x1e2a5000, 0x44800000)
   the space 70996K,  59% used [0x19d50000, 0x1c6e9220, 0x1c6e9400, 0x1e2a5000)
 Metaspace       used 35553K, capacity 36762K, committed 36864K, reserved 37248K
Event: 20.858 GC heap after
Heap after GC invocations=111 (full 5):
 def new generation   total 32064K, used 1032K [0x04800000, 0x06ac0000, 0x19d50000)
  eden space 28544K,   0% used [0x04800000, 0x04800000, 0x063e0000)
  from space 3520K,  29% used [0x063e0000, 0x064e20b8, 0x06750000)
  to   space 3520K,   0% used [0x06750000, 0x06750000, 0x06ac0000)
 tenured generation   total 70996K, used 42596K [0x19d50000, 0x1e2a5000, 0x44800000)
   the space 70996K,  59% used [0x19d50000, 0x1c6e9220, 0x1c6e9400, 0x1e2a5000)
 Metaspace       used 35553K, capacity 36762K, committed 36864K, reserved 37248K
}
Event: 21.497 GC heap before
{Heap before GC invocations=111 (full 5):
 def new generation   total 32064K, used 29576K [0x04800000, 0x06ac0000, 0x19d50000)
  eden space 28544K, 100% used [0x04800000, 0x063e0000, 0x063e0000)
  from space 3520K,  29% used [0x063e0000, 0x064e20b8, 0x06750000)
  to   space 3520K,   0% used [0x06750000, 0x06750000, 0x06ac0000)
 tenured generation   total 70996K, used 42596K [0x19d50000, 0x1e2a5000, 0x44800000)
   the space 70996K,  59% used [0x19d50000, 0x1c6e9220, 0x1c6e9400, 0x1e2a5000)
 Metaspace       used 35949K, capacity 37186K, committed 37248K, reserved 37248K
Event: 21.508 GC heap after
Heap after GC invocations=112 (full 5):
 def new generation   total 32064K, used 2871K [0x04800000, 0x06ac0000, 0x19d50000)
  eden space 28544K,   0% used [0x04800000, 0x04800000, 0x063e0000)
  from space 3520K,  81% used [0x06750000, 0x06a1de10, 0x06ac0000)
  to   space 3520K,   0% used [0x063e0000, 0x063e0000, 0x06750000)
 tenured generation   total 70996K, used 42596K [0x19d50000, 0x1e2a5000, 0x44800000)
   the space 70996K,  59% used [0x19d50000, 0x1c6e9220, 0x1c6e9400, 0x1e2a5000)
 Metaspace       used 35949K, capacity 37186K, committed 37248K, reserved 37248K
}
Event: 22.021 GC heap before
{Heap before GC invocations=112 (full 5):
 def new generation   total 32064K, used 31415K [0x04800000, 0x06ac0000, 0x19d50000)
  eden space 28544K, 100% used [0x04800000, 0x063e0000, 0x063e0000)
  from space 3520K,  81% used [0x06750000, 0x06a1de10, 0x06ac0000)
  to   space 3520K,   0% used [0x063e0000, 0x063e0000, 0x06750000)
 tenured generation   total 70996K, used 42596K [0x19d50000, 0x1e2a5000, 0x44800000)
   the space 70996K,  59% used [0x19d50000, 0x1c6e9220, 0x1c6e9400, 0x1e2a5000)
 Metaspace       used 36079K, capacity 37334K, committed 37376K, reserved 38272K
Event: 22.036 GC heap after
Heap after GC invocations=113 (full 5):
 def new generation   total 32064K, used 2333K [0x04800000, 0x06ac0000, 0x19d50000)
  eden space 28544K,   0% used [0x04800000, 0x04800000, 0x063e0000)
  from space 3520K,  66% used [0x063e0000, 0x06627480, 0x06750000)
  to   space 3520K,   0% used [0x06750000, 0x06750000, 0x06ac0000)
 tenured generation   total 70996K, used 44918K [0x19d50000, 0x1e2a5000, 0x44800000)
   the space 70996K,  63% used [0x19d50000, 0x1c92d920, 0x1c92da00, 0x1e2a5000)
 Metaspace       used 36079K, capacity 37334K, committed 37376K, reserved 38272K
}

