# JRE version: Java(TM) SE Runtime Environment (8.0_131-b11) (build 1.8.0_131-b11)
# Java VM: Java HotSpot(TM) Client VM (25.131-b11 mixed mode windows-x86 )
Heap:
 def new generation   total 29184K, used 8606K [0x04400000, 0x063a0000, 0x19950000)
  eden space 25984K,  25% used [0x04400000, 0x04a73420, 0x05d60000)
  from space 3200K,  62% used [0x06080000, 0x06274468, 0x063a0000)
  to   space 3200K,   0% used [0x05d60000, 0x05d60000, 0x06080000)
 tenured generation   total 64460K, used 47731K [0x19950000, 0x1d843000, 0x44400000)
   the space 64460K,  74% used [0x19950000, 0x1c7ecdf8, 0x1c7ece00, 0x1d843000)
 Metaspace       used 36351K, capacity 37637K, committed 37760K, reserved 38272K
GC Heap History (10 events):
Event: 41.951 GC heap before
{Heap before GC invocations=114 (full 5):
 def new generation   total 29184K, used 28455K [0x04400000, 0x063a0000, 0x19950000)
  eden space 25984K, 100% used [0x04400000, 0x05d60000, 0x05d60000)
  from space 3200K,  77% used [0x05d60000, 0x05fc9c40, 0x06080000)
  to   space 3200K,   0% used [0x06080000, 0x06080000, 0x063a0000)
 tenured generation   total 64460K, used 42733K [0x19950000, 0x1d843000, 0x44400000)
   the space 64460K,  66% used [0x19950000, 0x1c30b520, 0x1c30b600, 0x1d843000)
 Metaspace       used 35528K, capacity 36739K, committed 36864K, reserved 37248K
Event: 41.961 GC heap after
Heap after GC invocations=115 (full 5):
 def new generation   total 29184K, used 665K [0x04400000, 0x063a0000, 0x19950000)
  eden space 25984K,   0% used [0x04400000, 0x04400000, 0x05d60000)
  from space 3200K,  20% used [0x06080000, 0x061264f0, 0x063a0000)
  to   space 3200K,   0% used [0x05d60000, 0x05d60000, 0x06080000)
 tenured generation   total 64460K, used 44100K [0x19950000, 0x1d843000, 0x44400000)
   the space 64460K,  68% used [0x19950000, 0x1c461098, 0x1c461200, 0x1d843000)
 Metaspace       used 35528K, capacity 36739K, committed 36864K, reserved 37248K
}
Event: 42.628 GC heap before
{Heap before GC invocations=115 (full 5):
 def new generation   total 29184K, used 26649K [0x04400000, 0x063a0000, 0x19950000)
  eden space 25984K, 100% used [0x04400000, 0x05d60000, 0x05d60000)
  from space 3200K,  20% used [0x06080000, 0x061264f0, 0x063a0000)
  to   space 3200K,   0% used [0x05d60000, 0x05d60000, 0x06080000)
 tenured generation   total 64460K, used 44100K [0x19950000, 0x1d843000, 0x44400000)
   the space 64460K,  68% used [0x19950000, 0x1c461098, 0x1c461200, 0x1d843000)
 Metaspace       used 35548K, capacity 36751K, committed 36864K, reserved 37248K
Event: 42.635 GC heap after
Heap after GC invocations=116 (full 5):
 def new generation   total 29184K, used 1363K [0x04400000, 0x063a0000, 0x19950000)
  eden space 25984K,   0% used [0x04400000, 0x04400000, 0x05d60000)
  from space 3200K,  42% used [0x05d60000, 0x05eb4e90, 0x06080000)
  to   space 3200K,   0% used [0x06080000, 0x06080000, 0x063a0000)
 tenured generation   total 64460K, used 44100K [0x19950000, 0x1d843000, 0x44400000)
   the space 64460K,  68% used [0x19950000, 0x1c461098, 0x1c461200, 0x1d843000)
 Metaspace       used 35548K, capacity 36751K, committed 36864K, reserved 37248K
}
Event: 43.406 GC heap before
{Heap before GC invocations=116 (full 5):
 def new generation   total 29184K, used 27347K [0x04400000, 0x063a0000, 0x19950000)
  eden space 25984K, 100% used [0x04400000, 0x05d60000, 0x05d60000)
  from space 3200K,  42% used [0x05d60000, 0x05eb4e90, 0x06080000)
  to   space 3200K,   0% used [0x06080000, 0x06080000, 0x063a0000)
 tenured generation   total 64460K, used 44100K [0x19950000, 0x1d843000, 0x44400000)
   the space 64460K,  68% used [0x19950000, 0x1c461098, 0x1c461200, 0x1d843000)
 Metaspace       used 35548K, capacity 36751K, committed 36864K, reserved 37248K
Event: 43.411 GC heap after
Heap after GC invocations=117 (full 5):
 def new generation   total 29184K, used 1342K [0x04400000, 0x063a0000, 0x19950000)
  eden space 25984K,   0% used [0x04400000, 0x04400000, 0x05d60000)
  from space 3200K,  41% used [0x06080000, 0x061cfb98, 0x063a0000)
  to   space 3200K,   0% used [0x05d60000, 0x05d60000, 0x06080000)
 tenured generation   total 64460K, used 44100K [0x19950000, 0x1d843000, 0x44400000)
   the space 64460K,  68% used [0x19950000, 0x1c461098, 0x1c461200, 0x1d843000)
 Metaspace       used 35548K, capacity 36751K, committed 36864K, reserved 37248K
}
Event: 44.492 GC heap before
{Heap before GC invocations=117 (full 5):
 def new generation   total 29184K, used 27326K [0x04400000, 0x063a0000, 0x19950000)
  eden space 25984K, 100% used [0x04400000, 0x05d60000, 0x05d60000)
  from space 3200K,  41% used [0x06080000, 0x061cfb98, 0x063a0000)
  to   space 3200K,   0% used [0x05d60000, 0x05d60000, 0x06080000)
 tenured generation   total 64460K, used 44100K [0x19950000, 0x1d843000, 0x44400000)
   the space 64460K,  68% used [0x19950000, 0x1c461098, 0x1c461200, 0x1d843000)
 Metaspace       used 35988K, capacity 37210K, committed 37248K, reserved 37248K
Event: 44.511 GC heap after
Heap after GC invocations=118 (full 5):
 def new generation   total 29184K, used 3200K [0x04400000, 0x063a0000, 0x19950000)
  eden space 25984K,   0% used [0x04400000, 0x04400000, 0x05d60000)
  from space 3200K, 100% used [0x05d60000, 0x06080000, 0x06080000)
  to   space 3200K,   0% used [0x06080000, 0x06080000, 0x063a0000)
 tenured generation   total 64460K, used 44641K [0x19950000, 0x1d843000, 0x44400000)
   the space 64460K,  69% used [0x19950000, 0x1c4e8690, 0x1c4e8800, 0x1d843000)
 Metaspace       used 35988K, capacity 37210K, committed 37248K, reserved 37248K
}
Event: 46.893 GC heap before
{Heap before GC invocations=118 (full 5):
 def new generation   total 29184K, used 29184K [0x04400000, 0x063a0000, 0x19950000)
  eden space 25984K, 100% used [0x04400000, 0x05d60000, 0x05d60000)
  from space 3200K, 100% used [0x05d60000, 0x06080000, 0x06080000)
  to   space 3200K,   0% used [0x06080000, 0x06080000, 0x063a0000)
 tenured generation   total 64460K, used 44641K [0x19950000, 0x1d843000, 0x44400000)
   the space 64460K,  69% used [0x19950000, 0x1c4e8690, 0x1c4e8800, 0x1d843000)
 Metaspace       used 36091K, capacity 37341K, committed 37376K, reserved 38272K
Event: 46.916 GC heap after
Heap after GC invocations=119 (full 5):
 def new generation   total 29184K, used 2001K [0x04400000, 0x063a0000, 0x19950000)
  eden space 25984K,   0% used [0x04400000, 0x04400000, 0x05d60000)
  from space 3200K,  62% used [0x06080000, 0x06274468, 0x063a0000)
  to   space 3200K,   0% used [0x05d60000, 0x05d60000, 0x06080000)
 tenured generation   total 64460K, used 47731K [0x19950000, 0x1d843000, 0x44400000)
   the space 64460K,  74% used [0x19950000, 0x1c7ecdf8, 0x1c7ece00, 0x1d843000)
 Metaspace       used 36091K, capacity 37341K, committed 37376K, reserved 38272K
}

