# JRE version: Java(TM) SE Runtime Environment (8.0_131-b11) (build 1.8.0_131-b11)
# Java VM: Java HotSpot(TM) Client VM (25.131-b11 mixed mode windows-x86 )
Heap:
 def new generation   total 31104K, used 12253K [0x04c00000, 0x06dc0000, 0x1a150000)
  eden space 27648K,  35% used [0x04c00000, 0x055b66f0, 0x06700000)
  from space 3456K,  66% used [0x06a60000, 0x06ca0e50, 0x06dc0000)
  to   space 3456K,   0% used [0x06700000, 0x06700000, 0x06a60000)
 tenured generation   total 68956K, used 45297K [0x1a150000, 0x1e4a7000, 0x44c00000)
   the space 68956K,  65% used [0x1a150000, 0x1cd8c420, 0x1cd8c600, 0x1e4a7000)
 Metaspace       used 36827K, capacity 38109K, committed 38144K, reserved 38272K
GC Heap History (10 events):
Event: 18.246 GC heap before
{Heap before GC invocations=109 (full 5):
 def new generation   total 31104K, used 27648K [0x04c00000, 0x06dc0000, 0x1a150000)
  eden space 27648K, 100% used [0x04c00000, 0x06700000, 0x06700000)
  from space 3456K,   0% used [0x06700000, 0x06700000, 0x06a60000)
  to   space 3456K,   0% used [0x06a60000, 0x06a60000, 0x06dc0000)
 tenured generation   total 68956K, used 41372K [0x1a150000, 0x1e4a7000, 0x44c00000)
   the space 68956K,  59% used [0x1a150000, 0x1c9b7048, 0x1c9b7200, 0x1e4a7000)
 Metaspace       used 35537K, capacity 36753K, committed 36864K, reserved 37248K
Event: 18.251 GC heap after
Heap after GC invocations=110 (full 5):
 def new generation   total 31104K, used 741K [0x04c00000, 0x06dc0000, 0x1a150000)
  eden space 27648K,   0% used [0x04c00000, 0x04c00000, 0x06700000)
  from space 3456K,  21% used [0x06a60000, 0x06b19558, 0x06dc0000)
  to   space 3456K,   0% used [0x06700000, 0x06700000, 0x06a60000)
 tenured generation   total 68956K, used 41372K [0x1a150000, 0x1e4a7000, 0x44c00000)
   the space 68956K,  59% used [0x1a150000, 0x1c9b7048, 0x1c9b7200, 0x1e4a7000)
 Metaspace       used 35537K, capacity 36753K, committed 36864K, reserved 37248K
}
Event: 18.953 GC heap before
{Heap before GC invocations=110 (full 5):
 def new generation   total 31104K, used 28389K [0x04c00000, 0x06dc0000, 0x1a150000)
  eden space 27648K, 100% used [0x04c00000, 0x06700000, 0x06700000)
  from space 3456K,  21% used [0x06a60000, 0x06b19558, 0x06dc0000)
  to   space 3456K,   0% used [0x06700000, 0x06700000, 0x06a60000)
 tenured generation   total 68956K, used 41372K [0x1a150000, 0x1e4a7000, 0x44c00000)
   the space 68956K,  59% used [0x1a150000, 0x1c9b7048, 0x1c9b7200, 0x1e4a7000)
 Metaspace       used 35559K, capacity 36760K, committed 36864K, reserved 37248K
Event: 18.959 GC heap after
Heap after GC invocations=111 (full 5):
 def new generation   total 31104K, used 1260K [0x04c00000, 0x06dc0000, 0x1a150000)
  eden space 27648K,   0% used [0x04c00000, 0x04c00000, 0x06700000)
  from space 3456K,  36% used [0x06700000, 0x0683b0c0, 0x06a60000)
  to   space 3456K,   0% used [0x06a60000, 0x06a60000, 0x06dc0000)
 tenured generation   total 68956K, used 41372K [0x1a150000, 0x1e4a7000, 0x44c00000)
   the space 68956K,  59% used [0x1a150000, 0x1c9b7048, 0x1c9b7200, 0x1e4a7000)
 Metaspace       used 35559K, capacity 36760K, committed 36864K, reserved 37248K
}
Event: 19.689 GC heap before
{Heap before GC invocations=111 (full 5):
 def new generation   total 31104K, used 28908K [0x04c00000, 0x06dc0000, 0x1a150000)
  eden space 27648K, 100% used [0x04c00000, 0x06700000, 0x06700000)
  from space 3456K,  36% used [0x06700000, 0x0683b0c0, 0x06a60000)
  to   space 3456K,   0% used [0x06a60000, 0x06a60000, 0x06dc0000)
 tenured generation   total 68956K, used 41372K [0x1a150000, 0x1e4a7000, 0x44c00000)
   the space 68956K,  59% used [0x1a150000, 0x1c9b7048, 0x1c9b7200, 0x1e4a7000)
 Metaspace       used 35559K, capacity 36760K, committed 36864K, reserved 37248K
Event: 19.694 GC heap after
Heap after GC invocations=112 (full 5):
 def new generation   total 31104K, used 1050K [0x04c00000, 0x06dc0000, 0x1a150000)
  eden space 27648K,   0% used [0x04c00000, 0x04c00000, 0x06700000)
  from space 3456K,  30% used [0x06a60000, 0x06b66bb8, 0x06dc0000)
  to   space 3456K,   0% used [0x06700000, 0x06700000, 0x06a60000)
 tenured generation   total 68956K, used 41372K [0x1a150000, 0x1e4a7000, 0x44c00000)
   the space 68956K,  59% used [0x1a150000, 0x1c9b7048, 0x1c9b7200, 0x1e4a7000)
 Metaspace       used 35559K, capacity 36760K, committed 36864K, reserved 37248K
}
Event: 20.292 GC heap before
{Heap before GC invocations=112 (full 5):
 def new generation   total 31104K, used 28698K [0x04c00000, 0x06dc0000, 0x1a150000)
  eden space 27648K, 100% used [0x04c00000, 0x06700000, 0x06700000)
  from space 3456K,  30% used [0x06a60000, 0x06b66bb8, 0x06dc0000)
  to   space 3456K,   0% used [0x06700000, 0x06700000, 0x06a60000)
 tenured generation   total 68956K, used 41372K [0x1a150000, 0x1e4a7000, 0x44c00000)
   the space 68956K,  59% used [0x1a150000, 0x1c9b7048, 0x1c9b7200, 0x1e4a7000)
 Metaspace       used 36079K, capacity 37330K, committed 37376K, reserved 38272K
Event: 20.306 GC heap after
Heap after GC invocations=113 (full 5):
 def new generation   total 31104K, used 3456K [0x04c00000, 0x06dc0000, 0x1a150000)
  eden space 27648K,   0% used [0x04c00000, 0x04c00000, 0x06700000)
  from space 3456K, 100% used [0x06700000, 0x06a60000, 0x06a60000)
  to   space 3456K,   0% used [0x06a60000, 0x06a60000, 0x06dc0000)
 tenured generation   total 68956K, used 41989K [0x1a150000, 0x1e4a7000, 0x44c00000)
   the space 68956K,  60% used [0x1a150000, 0x1ca51528, 0x1ca51600, 0x1e4a7000)
 Metaspace       used 36079K, capacity 37330K, committed 37376K, reserved 38272K
}
Event: 20.744 GC heap before
{Heap before GC invocations=113 (full 5):
 def new generation   total 31104K, used 31104K [0x04c00000, 0x06dc0000, 0x1a150000)
  eden space 27648K, 100% used [0x04c00000, 0x06700000, 0x06700000)
  from space 3456K, 100% used [0x06700000, 0x06a60000, 0x06a60000)
  to   space 3456K,   0% used [0x06a60000, 0x06a60000, 0x06dc0000)
 tenured generation   total 68956K, used 41989K [0x1a150000, 0x1e4a7000, 0x44c00000)
   the space 68956K,  60% used [0x1a150000, 0x1ca51528, 0x1ca51600, 0x1e4a7000)
 Metaspace       used 36475K, capacity 37717K, committed 37760K, reserved 38272K
Event: 20.766 GC heap after
Heap after GC invocations=114 (full 5):
 def new generation   total 31104K, used 2307K [0x04c00000, 0x06dc0000, 0x1a150000)
  eden space 27648K,   0% used [0x04c00000, 0x04c00000, 0x06700000)
  from space 3456K,  66% used [0x06a60000, 0x06ca0e50, 0x06dc0000)
  to   space 3456K,   0% used [0x06700000, 0x06700000, 0x06a60000)
 tenured generation   total 68956K, used 45297K [0x1a150000, 0x1e4a7000, 0x44c00000)
   the space 68956K,  65% used [0x1a150000, 0x1cd8c420, 0x1cd8c600, 0x1e4a7000)
 Metaspace       used 36475K, capacity 37717K, committed 37760K, reserved 38272K
}

